2020-01-27 10:22:03,563 [1] INFO  PointsOfInterest.Logger.UserLogger test2@abv.bg
2020-01-27 10:26:07,685 [1] INFO  PointsOfInterest.Logger.UserLogger email: test2@abv.bg, username: dakata1
2020-01-27 11:37:37,068 [1] INFO  PointsOfInterest.Logger.UserLogger email: test2@abv.bg, username: dakata1
2020-01-27 11:38:09,101 [1] INFO  PointsOfInterest.Logger.UserLogger email: test2@abv.bg, username: dakata1
2020-01-27 11:39:05,171 [1] INFO  PointsOfInterest.Logger.UserLogger email: test2@abv.bg, username: dakata1
2020-01-27 11:41:04,139 [1] INFO  PointsOfInterest.Logger.UserLogger email: test2@abv.bg, username: dakata1
2020-01-27 11:41:36,824 [1] INFO  PointsOfInterest.Logger.UserLogger email: test2@abv.bg, username: dakata1
2020-01-27 11:42:46,046 [1] INFO  PointsOfInterest.Logger.UserLogger email: test2@abv.bg, username: dakata1
2020-01-27 11:43:19,168 [1] INFO  PointsOfInterest.Logger.UserLogger email: test2@abv.bg, username: dakata1
2020-01-27 11:45:34,435 [1] INFO  PointsOfInterest.Logger.UserLogger email: test2@abv.bg, username: dakata1
2020-01-27 11:49:31,488 [1] INFO  PointsOfInterest.Logger.UserLogger email: test2@abv.bg, username: dakata1
2020-01-27 11:52:33,090 [1] INFO  PointsOfInterest.Logger.UserLogger email: test2@abv.bg, username: dakata1
2020-01-27 12:01:09,474 [1] INFO  PointsOfInterest.Logger.UserLogger email: test2@abv.bg, username: dakata1
2020-01-27 12:01:55,071 [1] INFO  PointsOfInterest.Logger.UserLogger email: test2@abv.bg, username: dakata1
2020-01-27 13:56:05,271 [1] INFO  PointsOfInterest.Logger.UserLogger email: test2@abv.bg, username: dakata1
2020-01-27 13:56:56,390 [1] INFO  PointsOfInterest.Logger.UserLogger email: test2@abv.bg, username: dakata1
2020-02-11 13:05:29,134 [1] INFO  PointsOfInterest.Logger.UserLogger email: test2@abv.bg, username: dakata1
2020-02-11 13:09:16,588 [1] INFO  PointsOfInterest.Logger.UserLogger email: test2@abv.bg, username: dakata1
2020-02-11 13:18:41,967 [1] INFO  PointsOfInterest.Logger.UserLogger email: test2@abv.bg, username: dakata1
2020-02-16 16:01:05,729 [1] INFO  PointsOfInterest.Logger.UserLogger email: borislavgg@abv.bg, username: Borislav
2020-02-16 16:04:35,302 [1] INFO  PointsOfInterest.Logger.UserLogger email: test2@abv.bg, username: dakata1
2020-02-16 16:11:23,307 [1] INFO  PointsOfInterest.Logger.UserLogger email: borislavgg@abv.bg, username: Borislav
2020-02-17 14:18:42,960 [1] INFO  PointsOfInterest.Logger.UserLogger email: test2@abv.bg, username: dakata1
2020-02-17 15:26:22,149 [1] INFO  PointsOfInterest.Logger.UserLogger email: test2@abv.bg, username: dakata1
2020-02-17 15:30:01,989 [1] INFO  PointsOfInterest.Logger.UserLogger email: test3@abv.bg, username: Testtovv
2020-02-17 15:33:37,804 [1] INFO  PointsOfInterest.Logger.UserLogger email: test3@abv.bg, username: Testtovv
2020-02-17 15:33:51,957 [1] INFO  PointsOfInterest.Logger.UserLogger email: test3@abv.bg, username: Testtovv
2020-02-17 17:49:35,641 [1] INFO  PointsOfInterest.Logger.UserLogger email: test2@abv.bg, username: dakata1
2020-02-17 17:51:10,241 [1] INFO  PointsOfInterest.Logger.UserLogger email: test2@abv.bg, username: dakata1
2020-02-17 17:54:08,504 [1] INFO  PointsOfInterest.Logger.UserLogger email: test2@abv.bg, username: dakata1
2020-02-17 17:56:20,053 [1] INFO  PointsOfInterest.Logger.UserLogger email: test2@abv.bg, username: dakata1
2020-02-17 17:58:11,071 [1] INFO  PointsOfInterest.Logger.UserLogger email: test2@abv.bg, username: dakata1
2020-02-17 18:00:39,846 [1] INFO  PointsOfInterest.Logger.UserLogger email: test2@abv.bg, username: dakata1
2020-02-17 18:05:49,334 [1] INFO  PointsOfInterest.Logger.UserLogger email: test2@abv.bg, username: dakata1
2020-02-17 18:07:51,560 [1] INFO  PointsOfInterest.Logger.UserLogger email: test2@abv.bg, username: dakata1
2020-02-17 18:09:12,584 [1] INFO  PointsOfInterest.Logger.UserLogger email: test3@abv.bg, username: Testtovv
2020-02-17 21:21:12,329 [1] INFO  PointsOfInterest.Logger.UserLogger email: test2@abv.bg, username: dakata1
2020-02-17 21:22:46,391 [1] INFO  PointsOfInterest.Logger.UserLogger email: test2@abv.bg, username: dakata1
2020-02-17 21:26:15,476 [1] INFO  PointsOfInterest.Logger.UserLogger email: test2@abv.bg, username: dakata1
2020-02-17 21:28:01,773 [1] INFO  PointsOfInterest.Logger.UserLogger email: test2@abv.bg, username: dakata1
2020-02-17 21:29:24,428 [1] INFO  PointsOfInterest.Logger.UserLogger email: test2@abv.bg, username: dakata1
2020-02-18 11:19:57,420 [1] INFO  PointsOfInterest.Logger.UserLogger email: test2@abv.bg, username: dakata1
2020-02-18 11:20:33,582 [1] INFO  PointsOfInterest.Logger.UserLogger email: test2@abv.bg, username: dakata1
2020-02-18 11:21:15,116 [1] INFO  PointsOfInterest.Logger.UserLogger email: test2@abv.bg, username: dakata1
2020-02-18 11:21:55,060 [1] INFO  PointsOfInterest.Logger.UserLogger email: test2@abv.bg, username: dakata1
2020-02-18 17:30:41,894 [1] INFO  PointsOfInterest.Logger.UserLogger email: test2@abv.bg, username: dakata1
2020-02-18 17:34:05,002 [1] INFO  PointsOfInterest.Logger.UserLogger email: test2@abv.bg, username: dakata1
2020-02-18 17:35:09,056 [1] INFO  PointsOfInterest.Logger.UserLogger email: test2@abv.bg, username: dakata1
2020-02-19 11:21:03,679 [1] INFO  PointsOfInterest.Logger.UserLogger email: test2@abv.bg, username: dakata1
2020-02-19 11:21:27,334 [1] INFO  PointsOfInterest.Logger.UserLogger email: test2@abv.bg, username: dakata1
2020-02-19 11:23:55,426 [1] INFO  PointsOfInterest.Logger.UserLogger email: test2@abv.bg, username: dakata1
2020-02-19 11:24:17,644 [1] INFO  PointsOfInterest.Logger.UserLogger email: test2@abv.bg, username: dakata1
2020-02-19 18:12:48,941 [1] INFO  PointsOfInterest.Logger.UserLogger email: test2@abv.bg, username: dakata1
2020-02-19 18:15:47,047 [1] INFO  PointsOfInterest.Logger.UserLogger email: test2@abv.bg, username: dakata1
2020-02-19 18:17:05,586 [1] INFO  PointsOfInterest.Logger.UserLogger email: test2@abv.bg, username: dakata1
2020-02-19 18:23:36,997 [1] INFO  PointsOfInterest.Logger.UserLogger email: test2@abv.bg, username: dakata1
2020-02-19 18:27:25,881 [1] INFO  PointsOfInterest.Logger.UserLogger email: test2@abv.bg, username: dakata1
2020-02-19 18:27:55,795 [1] INFO  PointsOfInterest.Logger.UserLogger email: test2@abv.bg, username: dakata1
2020-02-19 18:41:20,718 [1] INFO  PointsOfInterest.Logger.UserLogger email: test2@abv.bg, username: dakata1
2020-02-19 18:46:24,751 [1] INFO  PointsOfInterest.Logger.UserLogger email: test2@abv.bg, username: dakata1
2020-02-19 18:48:25,451 [1] INFO  PointsOfInterest.Logger.UserLogger email: test2@abv.bg, username: dakata1
2020-02-19 19:04:16,767 [1] INFO  PointsOfInterest.Logger.UserLogger email: test2@abv.bg, username: dakata1
2020-02-19 19:13:25,487 [1] INFO  PointsOfInterest.Logger.UserLogger email: test2@abv.bg, username: dakata1
2020-02-19 19:39:04,515 [1] INFO  PointsOfInterest.Logger.UserLogger email: test2@abv.bg, username: dakata1
2020-02-19 19:40:03,875 [1] INFO  PointsOfInterest.Logger.UserLogger email: test2@abv.bg, username: dakata1
2020-02-19 21:10:39,196 [1] INFO  PointsOfInterest.Logger.UserLogger email: test2@abv.bg, username: dakata1
2020-02-19 21:12:54,026 [1] INFO  PointsOfInterest.Logger.UserLogger email: test2@abv.bg, username: dakata1
2020-02-19 21:14:23,113 [1] INFO  PointsOfInterest.Logger.UserLogger email: test2@abv.bg, username: dakata1
2020-02-20 10:46:04,109 [1] INFO  PointsOfInterest.Logger.UserLogger email: test2@abv.bg, username: dakata1
2020-02-20 10:46:35,532 [1] INFO  PointsOfInterest.Logger.UserLogger email: test2@abv.bg, username: dakata1
2020-02-20 10:52:04,007 [1] INFO  PointsOfInterest.Logger.UserLogger email: test2@abv.bg, username: dakata1
2020-02-20 10:55:10,700 [1] INFO  PointsOfInterest.Logger.UserLogger email: test5@abv.bg, username: Dasdsasda
2020-02-21 12:01:28,822 [1] INFO  PointsOfInterest.Logger.UserLogger email: test2@abv.bg, username: dakata1
2020-02-21 12:19:16,604 [1] INFO  PointsOfInterest.Logger.UserLogger email: test2@abv.bg, username: dakata1
2020-02-21 12:23:54,017 [1] INFO  PointsOfInterest.Logger.UserLogger email: test2@abv.bg, username: dakata1
2020-02-21 12:26:18,212 [1] INFO  PointsOfInterest.Logger.UserLogger email: test2@abv.bg, username: dakata1
2020-02-21 12:27:20,008 [1] INFO  PointsOfInterest.Logger.UserLogger email: test2@abv.bg, username: dakata1
2020-02-21 12:28:25,861 [1] INFO  PointsOfInterest.Logger.UserLogger email: test2@abv.bg, username: dakata1
2020-02-21 12:29:05,243 [1] INFO  PointsOfInterest.Logger.UserLogger email: test2@abv.bg, username: dakata1
2020-02-21 12:30:04,621 [1] INFO  PointsOfInterest.Logger.UserLogger email: test2@abv.bg, username: dakata1
2020-02-21 12:30:26,194 [1] INFO  PointsOfInterest.Logger.UserLogger email: test2@abv.bg, username: dakata1
2020-02-21 12:46:03,103 [1] INFO  PointsOfInterest.Logger.UserLogger email: test2@abv.bg, username: dakata1
2020-02-21 12:48:32,863 [1] INFO  PointsOfInterest.Logger.UserLogger email: test2@abv.bg, username: dakata1
2020-02-21 12:52:06,635 [1] INFO  PointsOfInterest.Logger.UserLogger email: test2@abv.bg, username: dakata1
2020-02-21 12:53:33,228 [1] INFO  PointsOfInterest.Logger.UserLogger email: test2@abv.bg, username: dakata1
2020-02-21 12:55:38,386 [1] INFO  PointsOfInterest.Logger.UserLogger email: test2@abv.bg, username: dakata1
2020-02-21 12:59:07,137 [1] INFO  PointsOfInterest.Logger.UserLogger email: test2@abv.bg, username: dakata1
2020-02-21 13:02:36,231 [1] INFO  PointsOfInterest.Logger.UserLogger email: test2@abv.bg, username: dakata1
2020-02-21 13:06:05,661 [1] INFO  PointsOfInterest.Logger.UserLogger email: test2@abv.bg, username: dakata1
2020-02-21 13:11:22,798 [1] INFO  PointsOfInterest.Logger.UserLogger email: test2@abv.bg, username: dakata1
2020-02-21 13:16:53,011 [1] INFO  PointsOfInterest.Logger.UserLogger email: test2@abv.bg, username: dakata1
2020-02-21 13:18:31,799 [1] INFO  PointsOfInterest.Logger.UserLogger email: test2@abv.bg, username: dakata1
2020-02-21 13:22:08,519 [1] INFO  PointsOfInterest.Logger.UserLogger email: test2@abv.bg, username: dakata1
2020-02-21 13:22:47,139 [1] INFO  PointsOfInterest.Logger.UserLogger email: test2@abv.bg, username: dakata1
2020-02-21 13:28:43,261 [1] INFO  PointsOfInterest.Logger.UserLogger email: test2@abv.bg, username: dakata1
2020-02-21 13:30:15,436 [1] INFO  PointsOfInterest.Logger.UserLogger email: test2@abv.bg, username: dakata1
2020-02-21 13:30:51,288 [1] INFO  PointsOfInterest.Logger.UserLogger email: test2@abv.bg, username: dakata1
2020-02-21 13:42:55,787 [1] INFO  PointsOfInterest.Logger.UserLogger email: test2@abv.bg, username: dakata1
2020-02-21 13:44:00,911 [1] INFO  PointsOfInterest.Logger.UserLogger email: test2@abv.bg, username: dakata1
2020-02-21 13:46:15,743 [1] INFO  PointsOfInterest.Logger.UserLogger email: test2@abv.bg, username: dakata1
2020-02-21 13:48:56,724 [1] INFO  PointsOfInterest.Logger.UserLogger email: test2@abv.bg, username: dakata1
2020-02-21 13:53:01,098 [1] INFO  PointsOfInterest.Logger.UserLogger email: test2@abv.bg, username: dakata1
2020-02-21 13:54:42,596 [1] INFO  PointsOfInterest.Logger.UserLogger email: test2@abv.bg, username: dakata1
2020-02-21 13:58:42,266 [1] INFO  PointsOfInterest.Logger.UserLogger email: test2@abv.bg, username: dakata1
2020-02-21 14:02:18,329 [1] INFO  PointsOfInterest.Logger.UserLogger email: test2@abv.bg, username: dakata1
2020-02-21 14:06:20,706 [1] INFO  PointsOfInterest.Logger.UserLogger email: test2@abv.bg, username: dakata1
2020-02-21 14:08:37,230 [1] INFO  PointsOfInterest.Logger.UserLogger email: test2@abv.bg, username: dakata1
2020-02-21 14:10:04,172 [1] INFO  PointsOfInterest.Logger.UserLogger email: test2@abv.bg, username: dakata1
2020-02-21 14:16:13,775 [1] INFO  PointsOfInterest.Logger.UserLogger email: test11@abv.bg, username: Ahhhh
